Copyright 1986-2020 Xilinx, Inc. All Rights Reserved.
------------------------------------------------------------------------------------
| Tool Version : Vivado v.2020.2 (win64) Build 3064766 Wed Nov 18 09:12:45 MST 2020
| Date         : Sun Dec  6 14:52:36 2020
| Host         : DESKTOP-B9NAQVU running 64-bit major release  (build 9200)
| Command      : report_control_sets -verbose -file vga_top_control_sets_placed.rpt
| Design       : vga_top
| Device       : xc7a50ti
------------------------------------------------------------------------------------

Control Set Information

Table of Contents
-----------------
1. Summary
2. Histogram
3. Flip-Flop Distribution
4. Detailed Control Set Information

1. Summary
----------

+----------------------------------------------------------+-------+
|                          Status                          | Count |
+----------------------------------------------------------+-------+
| Total control sets                                       |     6 |
|    Minimum number of control sets                        |     6 |
|    Addition due to synthesis replication                 |     0 |
|    Addition due to physical synthesis replication        |     0 |
| Unused register locations in slices containing registers |    26 |
+----------------------------------------------------------+-------+
* Control sets can be merged at opt_design using control_set_merge or merge_equivalent_drivers
** Run report_qor_suggestions for automated merging and remapping suggestions


2. Histogram
------------

+--------------------+-------+
|       Fanout       | Count |
+--------------------+-------+
| Total control sets |     6 |
| >= 0 to < 4        |     2 |
| >= 4 to < 6        |     0 |
| >= 6 to < 8        |     0 |
| >= 8 to < 10       |     1 |
| >= 10 to < 12      |     1 |
| >= 12 to < 14      |     0 |
| >= 14 to < 16      |     0 |
| >= 16              |     2 |
+--------------------+-------+
* Control sets can be remapped at either synth_design or opt_design


3. Flip-Flop Distribution
-------------------------

+--------------+-----------------------+------------------------+-----------------+--------------+
| Clock Enable | Synchronous Set/Reset | Asynchronous Set/Reset | Total Registers | Total Slices |
+--------------+-----------------------+------------------------+-----------------+--------------+
| No           | No                    | No                     |              47 |           16 |
| No           | No                    | Yes                    |               0 |            0 |
| No           | Yes                   | No                     |              12 |            5 |
| Yes          | No                    | No                     |               3 |            2 |
| Yes          | No                    | Yes                    |               0 |            0 |
| Yes          | Yes                   | No                     |               8 |            2 |
+--------------+-----------------------+------------------------+-----------------+--------------+


4. Detailed Control Set Information
-----------------------------------

+-----------------------------+-----------------+-------------------+------------------+----------------+--------------+
|         Clock Signal        |  Enable Signal  |  Set/Reset Signal | Slice Load Count | Bel Load Count | Bels / Slice |
+-----------------------------+-----------------+-------------------+------------------+----------------+--------------+
|  clk_wiz_0_inst/U0/clk_out1 |                 | vga_driver/hsync0 |                1 |              1 |         1.00 |
|  clk_wiz_0_inst/U0/clk_out1 | vga_driver/eqOp |                   |                2 |              3 |         1.50 |
|  clk_wiz_0_inst/U0/clk_out1 | vga_driver/eqOp | vga_driver/v_cnt0 |                2 |              8 |         4.00 |
|  clk_wiz_0_inst/U0/clk_out1 |                 | vga_driver/clear  |                4 |             11 |         2.75 |
|  vga_driver/vga_vsync_OBUF  |                 |                   |                6 |             20 |         3.33 |
|  clk_wiz_0_inst/U0/clk_out1 |                 |                   |               10 |             27 |         2.70 |
+-----------------------------+-----------------+-------------------+------------------+----------------+--------------+


